<?xml version="1.0" encoding="UTF-8"?>
<!-- Generated by org.testng.reporters.JUnitReportReporter -->
<testsuite hostname="Tomu" failures="0" tests="1" name="com.cucumber.test.CucumberRunner" time="6.295" errors="0" timestamp="2022-11-23T18:19:04 EST" skipped="0">
  <testcase classname="com.cucumber.test.CucumberRunner" name="runScenario" time="6.295"/>
  <system-out/>
</testsuite> <!-- com.cucumber.test.CucumberRunner -->
