<?xml version="1.0" encoding="UTF-8"?>
<!-- Generated by org.testng.reporters.JUnitReportReporter -->
<testsuite hostname="Tomu" failures="0" tests="1" name="com.cucumber.test.CucumberRunner" time="8.369" errors="0" timestamp="2022-11-23T17:37:32 EST" skipped="0">
  <testcase classname="com.cucumber.test.CucumberRunner" name="runScenario" time="8.369"/>
  <system-out/>
</testsuite> <!-- com.cucumber.test.CucumberRunner -->
